{"uid":"c06514a734c1d839","name":"test_z_authorized","fullName":"tests.test_book_store_account_version2.TestBookStore#test_z_authorized","historyId":"df963075e9c3b2054fbaa58ed2510754","time":{"start":1656274536811,"stop":1656274537408,"duration":597},"description":"Authorized user","descriptionHtml":"<p>Authorized user</p>\n","status":"failed","statusMessage":"AssertionError: 200 != 404","statusTrace":"self = <tests.test_book_store_account_version2.TestBookStore testMethod=test_z_authorized>\n\n    def test_z_authorized(self):\n        \"\"\"Authorized user\"\"\"\n        payload = json.dumps(PAYLOAD[\"login\"])\n        response = requests.post(f'{TARGET_API}{ACCOUNT}Authorized', headers=HEADERS, data=payload)\n        body = response.json()\n    \n>       self.assertEqual(HTTP_OK, response.status_code)\nE       AssertionError: 200 != 404\n\ntests/test_book_store_account_version2.py:76: AssertionError","flaky":false,"newFailed":true,"newBroken":false,"newPassed":false,"retriesCount":0,"retriesStatusChange":false,"beforeStages":[{"name":"_session_faker","time":{"start":1656274528846,"stop":1656274528860,"duration":14},"status":"passed","steps":[],"attachments":[],"parameters":[],"stepsCount":0,"attachmentsCount":0,"shouldDisplayMessage":false,"hasContent":false},{"name":"_unittest_setUpClass_fixture_TestBookStore","time":{"start":1656274532049,"stop":1656274532302,"duration":253},"status":"passed","steps":[],"attachments":[],"parameters":[],"stepsCount":0,"attachmentsCount":0,"shouldDisplayMessage":false,"hasContent":false}],"afterStages":[{"name":"_unittest_setUpClass_fixture_TestBookStore::0","time":{"start":1656274537441,"stop":1656274537731,"duration":290},"status":"broken","statusMessage":"requests.exceptions.JSONDecodeError: [Errno Expecting value] : 0\n","statusTrace":"  File \"/opt/hostedtoolcache/Python/3.10.5/x64/lib/python3.10/site-packages/allure_commons/_allure.py\", line 200, in __call__\n    return self._fixture_function(*args, **kwargs)\n  File \"/opt/hostedtoolcache/Python/3.10.5/x64/lib/python3.10/site-packages/_pytest/fixtures.py\", line 899, in _teardown_yield_fixture\n    next(it)\n  File \"/opt/hostedtoolcache/Python/3.10.5/x64/lib/python3.10/site-packages/_pytest/unittest.py\", line 173, in fixture\n    teardown()\n  File \"/home/runner/work/TestAutomationCourse-python-api-project/TestAutomationCourse-python-api-project/tests/test_book_store_account_version2.py\", line 37, in tearDownClass\n    cls.delete_user(user_id=resp.json()['userId'], token=resp.json()['token'])\n  File \"/opt/hostedtoolcache/Python/3.10.5/x64/lib/python3.10/site-packages/requests/models.py\", line 917, in json\n    raise RequestsJSONDecodeError(e.msg, e.doc, e.pos)\n","steps":[],"attachments":[],"parameters":[],"stepsCount":0,"attachmentsCount":0,"shouldDisplayMessage":true,"hasContent":true}],"labels":[{"name":"parentSuite","value":"tests"},{"name":"suite","value":"test_book_store_account_version2"},{"name":"subSuite","value":"TestBookStore"},{"name":"host","value":"fv-az132-861"},{"name":"thread","value":"2285-MainThread"},{"name":"framework","value":"pytest"},{"name":"language","value":"cpython3"},{"name":"package","value":"tests.test_book_store_account_version2"},{"name":"resultFormat","value":"allure2"}],"parameters":[],"links":[],"hidden":false,"retry":false,"extra":{"severity":"normal","retries":[],"categories":[{"name":"Product defects","matchedStatuses":[],"flaky":false}],"history":{"statistic":{"failed":1,"broken":0,"skipped":0,"passed":1,"unknown":0,"total":2},"items":[{"uid":"ea5915b5c218740e","reportUrl":"https://BurhanH.github.io/TestAutomationCourse-python-api-project/1//#testresult/ea5915b5c218740e","status":"passed","time":{"start":1656273618801,"stop":1656273619485,"duration":684}}]},"tags":[]},"source":"c06514a734c1d839.json","parameterValues":[]}